make all --print-data-base --no-builtin-variables --no-builtin-rules --question
# GNU Make 3.81
# Copyright (C) 2006  Free Software Foundation, Inc.
# This is free software; see the source for copying conditions.
# There is NO warranty; not even for MERCHANTABILITY or FITNESS FOR A
# PARTICULAR PURPOSE.

# This program built for i386-apple-darwin11.3.0
 

# Make data base, printed on Sun Apr  3 17:14:51 2022

# Variables

# automatic
 
<D = $(patsubst %/,%,$(dir $<))
# automatic
?F = $(notdir $?)
# makefile (from `makefile', line 4)
OBJ = obj
# makefile (from `makefile', line 3)
SRC = src
# environment
VSCODE_LOG_NATIVE = false
# environment
NVM_INC = /Users/dan/.nvm/versions/node/v16.13.1/include/node
# automatic
?D = $(patsubst %/,%,$(dir $?))
# automatic
@D = $(patsubst %/,%,$(dir $@))
# automatic
@F = $(notdir $@)
# makefile
CURDIR := /Users/dan/workspace/high-up
# makefile
SHELL = /bin/sh
# makefile (from `makefile', line 8)
BIN = $(BINDIR)/main
# environment
VSCODE_NLS_CONFIG = {"locale":"en-us","availableLanguages":{},"_languagePackSupport":true}
# environment
_ = /usr/bin/make
# makefile (from `makefile', line 2)
CFLAGS = -Wall -g
# makefile (from `makefile', line 1)
MAKEFILE_LIST :=  makefile
# environment
VSCODE_VERBOSE_LOGGING = true
# environment
__CFBundleIdentifier = com.microsoft.VSCode
# environment
VSCODE_IPC_HOOK_EXTHOST = /var/folders/zt/slrz672s62339hkncpz742_40000gn/T/vscode-ipc-e62664b8-0874-4bb6-9633-5000c26d7c32.sock
# environment
VSCODE_CWD = /
# environment
PATH = /Users/dan/.nvm/versions/node/v16.13.1/bin:/Users/dan/.deno/bin:/opt/homebrew/bin:/usr/local/bin:/usr/bin:/bin:/usr/sbin:/sbin:/usr/local/go/bin:/usr/local/share/dotnet:~/.dotnet/tools:/Library/Apple/usr/bin:/Library/Frameworks/Mono.framework/Versions/Current/Commands:/Users/dan/.dotnet/tools:Users/dan/flutter/bin:/Users/dan/apache-maven-3.8.1/bin:/Users/dan/workspace/_tools:/Users/dan/.nvm/versions/node/v16.13.1/bin:/Users/dan/.deno/bin:/opt/homebrew/bin:/usr/local/bin:/usr/bin:/bin:/usr/sbin:/sbin:/usr/local/go/bin:/usr/local/share/dotnet:~/.dotnet/tools:/Library/Apple/usr/bin:/Library/Frameworks/Mono.framework/Versions/Current/Commands:/Users/dan/.dotnet/tools:Users/dan/flutter/bin:/Users/dan/apache-maven-3.8.1/bin
# environment
LSCOLORS = Gxfxcxdxbxegedabagacad
# environment
NVM_BIN = /Users/dan/.nvm/versions/node/v16.13.1/bin
# environment
VSCODE_LOG_STACK = false
# environment
ELECTRON_RUN_AS_NODE = 1
# default
.FEATURES := target-specific order-only second-expansion else-if archives jobserver check-symlink
# environment
SSH_AUTH_SOCK = /private/tmp/com.apple.launchd.m00aepnbak/Listeners
# automatic
%F = $(notdir $%)
# environment
DOTNET_ROLL_FORWARD = LatestMajor
# environment
VSCODE_PIPE_LOGGING = true
# makefile (from `makefile', line 6)
OBJS = $(patsubst $(SRC)/%.c, $(OBJ)/%.o, $(SRCS))
# environment
PWD = /Users/dan/workspace/high-up
# environment
ORIGINAL_XDG_CURRENT_DESKTOP = undefined
# environment
VSCODE_AMD_ENTRYPOINT = vs/workbench/api/node/extensionHostProcess
# environment
HOME = /Users/dan
# default
MAKEFILEPATH := /Applications/Xcode.app/Contents/Developer/Makefiles
# environment
VSCODE_CODE_CACHE_PATH = /Users/dan/Library/Application Support/Code/CachedData/e18005f0f1b33c29e81d732535d8c0e47cafb0b5
# environment
LOGNAME = dan
# environment
APPLICATION_INSIGHTS_NO_DIAGNOSTIC_CHANNEL = true
# environment
NVM_CD_FLAGS = -q
# environment
ZSH = /Users/dan/.oh-my-zsh
# environment
M2_HOME = /Users/dan/apache-maven-3.8.1
# environment
VSCODE_HANDLES_UNCAUGHT_ERRORS = true
# automatic
^D = $(patsubst %/,%,$(dir $^))
# environment
XPC_FLAGS = 0x0
# default
MAKE = $(MAKE_COMMAND)
# default
MAKECMDGOALS := all
# makefile (from `makefile', line 5)
SRCS = $(wildcard $(SRC)/*.c)
# environment
SHLVL = 1
# makefile (from `makefile', line 7)
BINDIR = bin
# makefile (from `makefile', line 1)
CC = clang
# environment
JAVA_HOME = /Library/Java/JavaVirtualMachines/adoptopenjdk-11.jdk/Contents/Home
# default
MAKE_VERSION := 3.81
# environment
USER = dan
# makefile
.DEFAULT_GOAL := all
# environment
LESS = -R
# automatic
%D = $(patsubst %/,%,$(dir $%))
# makefile (from `makefile', line 9)
SUBMIT = jatso.zip
# default
MAKE_COMMAND := /Applications/Xcode.app/Contents/Developer/usr/bin/make
# default
.VARIABLES := 
# environment
TMPDIR = /var/folders/zt/slrz672s62339hkncpz742_40000gn/T/
 
# automatic
*F = $(notdir $*)
# environment
VSCODE_IPC_HOOK = /Users/dan/Library/Application Support/Code/1.66.0-main.sock
# makefile
MAKEFLAGS = Rrqp
# environment
MFLAGS = -Rrqp
# automatic
*D = $(patsubst %/,%,$(dir $*))
# environment
NVM_DIR = /Users/dan/.nvm
# environment
XPC_SERVICE_NAME = application.com.microsoft.VSCode.28348940.28348946
# automatic
+D = $(patsubst %/,%,$(dir $+))
# automatic
+F = $(notdir $+)
# environment
DENO_INSTALL = /Users/dan/.deno
# environment
__CF_USER_TEXT_ENCODING = 0x1F5:0x0:0x0
# environment
COMMAND_MODE = unix2003
# default
MAKEFILES := 
# automatic
<F = $(notdir $<)
# environment
PAGER = less
# environment
LC_ALL = C
# automatic
^F = $(notdir $^)
# default
SUFFIXES := 
# default
.INCLUDE_DIRS = /usr/local/include
# environment
MAKELEVEL := 0
# environment
LANG = C
# environment
VSCODE_PID = 20476
# variable set hash-table stats:
# Load=83/1024=8%, Rehash=0, Collisions=8/125=6%

# Pattern-specific Variable Values

# No pattern-specific variable values.

# Directories

# . (device 16777234, inode 28309005): 10 files, no impossibilities.
# src (device 16777234, inode 28309013): 3 files, no impossibilities.

# 13 files, no impossibilities in 2 directories.

# Implicit Rules

obj/%.o: src/%.c
#  commands to execute (from `makefile', line 21):
	$(CC) $(CFLAGS) -c $< -o $@
	

# 1 implicit rules, 0 (0.0%) terminal.

# Files

all: bin/main
#  Command-line target.
#  Implicit rule search has been done.
#  File does not exist.
#  File has been updated.
#  Needs to be updated (-q is set).
# variable set hash-table stats:
# Load=0/32=0%, Rehash=0, Collisions=0/4=0%

obj/main.o: src/main.c
#  Implicit rule search has been done.
#  Implicit/static pattern stem: `main'
#  Last modified 2022-04-03 16:51:59
#  File has been updated.
#  Needs to be updated (-q is set).
# automatic
# @ := obj/main.o
# automatic
# % := 
# automatic
# * := main
# automatic
# + := src/main.c
# automatic
# | := 
# automatic
# < := src/main.c
# automatic
# ^ := src/main.c
# automatic
# ? := src/main.c
# variable set hash-table stats:
# Load=8/32=25%, Rehash=0, Collisions=1/14=7%
#  commands to execute (from `makefile', line 21):
	$(CC) $(CFLAGS) -c $< -o $@
	

# Not a target:
.SUFFIXES:
#  Implicit rule search has not been done.
#  Modification time never checked.
#  File has not been updated.

submit:
#  Implicit rule search has not been done.
#  Modification time never checked.
#  File has not been updated.
#  commands to execute (from `makefile', line 27):
	$(RM) $(SUBMIT)
	zip $(SUBMIT) $(BIN)
	

# Not a target:
makefile:
#  Implicit rule search has been done.
#  Last modified 2022-03-30 15:50:08
#  File has been updated.
#  Successfully updated.
# variable set hash-table stats:
# Load=0/32=0%, Rehash=0, Collisions=0/0=0%

# Not a target:
src/main.c:
#  Implicit rule search has been done.
#  Last modified 2022-04-03 17:13:07
#  File has been updated.
#  Successfully updated.
# variable set hash-table stats:
# Load=0/32=0%, Rehash=0, Collisions=0/0=0%

release: clean bin/main
#  Implicit rule search has not been done.
#  Modification time never checked.
#  File has not been updated.
# makefile (from `makefile', line 13)
# CFLAGS = -Wall -O2 -DNDEBUG
# variable set hash-table stats:
# Load=1/32=3%, Rehash=0, Collisions=0/1=0%

# Not a target:
.DEFAULT:
#  Implicit rule search has not been done.
#  Modification time never checked.
#  File has not been updated.

clean:
#  Implicit rule search has not been done.
#  Modification time never checked.
#  File has not been updated.
#  commands to execute (from `makefile', line 24):
	$(RM) -r $(BINDIR)/* $(OBJ)/*
	

bin/main: obj/main.o
#  Implicit rule search has not been done.
#  Last modified 2022-04-03 16:51:59
#  File has been updated.
#  Needs to be updated (-q is set).
# variable set hash-table stats:
# Load=0/32=0%, Rehash=0, Collisions=0/4=0%
#  commands to execute (from `makefile', line 18):
	$(CC) $(CFLAGS) $(OBJS) -o $@
	

# files hash-table stats:
# Load=10/1024=1%, Rehash=0, Collisions=0/33=0%
# VPATH Search Paths

# No `vpath' search paths.

# No general (`VPATH' variable) search path.

# # of strings in strcache: 1
# # of strcache buffers: 1
# strcache size: total = 4096 / max = 4096 / min = 4096 / avg = 4096
# strcache free: total = 4087 / max = 4087 / min = 4087 / avg = 4087
 

# Finished Make data base on Sun Apr  3 17:14:51 2022

 
